<?xml version="1.0" encoding="UTF-8"?>
<!-- Generated by org.testng.reporters.JUnitXMLReporter -->
<testsuite ignored="0" hostname="DESKTOP-8268NPD" failures="1" tests="1" name="Test" time="0.885" errors="0" timestamp="02 May 2022 02:28:39 GMT">
  <testcase classname="testcases.TC001_LoginAndLogout" name="loginAndLogout" time="0.852">
    <failure type="org.testng.internal.reflect.MethodMatcherException" message="
Data provider mismatch
Method: loginAndLogout([Parameter{index=0, type=java.lang.String, declaredAnnotations=[]}, Parameter{index=1, type=java.lang.String, declaredAnnotations=[]}])
Arguments: [(java.lang.String) DemoSalesManager,(java.lang.String) crmsfa,(java.lang.String) Demo Sales Manager]">
      <![CDATA[org.testng.internal.reflect.MethodMatcherException: 
Data provider mismatch
Method: loginAndLogout([Parameter{index=0, type=java.lang.String, declaredAnnotations=[]}, Parameter{index=1, type=java.lang.String, declaredAnnotations=[]}])
Arguments: [(java.lang.String) DemoSalesManager,(java.lang.String) crmsfa,(java.lang.String) Demo Sales Manager]
... Removed 20 stack frames]]>
    </failure>
  </testcase> <!-- loginAndLogout -->
</testsuite> <!-- Test -->
