<?xml version="1.0" encoding="UTF-8"?>
<testng-results ignored="0" total="1" passed="1" failed="0" skipped="0">
  <reporter-output>
  </reporter-output>
  <suite started-at="2022-05-04T02:14:38Z" name="Suite" finished-at="2022-05-04T02:14:48Z" duration-ms="9879">
    <groups>
    </groups>
    <test started-at="2022-05-04T02:14:38Z" name="Test" finished-at="2022-05-04T02:14:48Z" duration-ms="9879">
      <class name="testcases.TC001_LoginAndLogout">
        <test-method is-config="true" signature="beforeSuite()[pri:0, instance:testcases.TC001_LoginAndLogout@12d3a4e9]" started-at="2022-05-04T02:14:37Z" name="beforeSuite" finished-at="2022-05-04T02:14:38Z" duration-ms="421" status="PASS">
          <reporter-output>
          </reporter-output>
        </test-method> <!-- beforeSuite -->
        <test-method is-config="true" signature="setData()[pri:0, instance:testcases.TC001_LoginAndLogout@12d3a4e9]" started-at="2022-05-04T02:14:38Z" name="setData" finished-at="2022-05-04T02:14:38Z" duration-ms="1" status="PASS">
          <reporter-output>
          </reporter-output>
        </test-method> <!-- setData -->
        <test-method is-config="true" signature="beforeClass()[pri:0, instance:testcases.TC001_LoginAndLogout@12d3a4e9]" started-at="2022-05-04T02:14:38Z" name="beforeClass" finished-at="2022-05-04T02:14:38Z" duration-ms="2" status="PASS">
          <reporter-output>
          </reporter-output>
        </test-method> <!-- beforeClass -->
        <test-method is-config="true" signature="beforeMethod()[pri:0, instance:testcases.TC001_LoginAndLogout@12d3a4e9]" started-at="2022-05-04T02:14:39Z" name="beforeMethod" finished-at="2022-05-04T02:14:45Z" duration-ms="5916" status="PASS">
          <reporter-output>
          </reporter-output>
        </test-method> <!-- beforeMethod -->
        <test-method signature="loginAndLogout(java.lang.String, java.lang.String, java.lang.String)[pri:0, instance:testcases.TC001_LoginAndLogout@12d3a4e9]" started-at="2022-05-04T02:14:45Z" name="loginAndLogout" data-provider="fetchData" finished-at="2022-05-04T02:14:47Z" duration-ms="2141" status="PASS">
          <params>
            <param index="0">
              <value>
                <![CDATA[DemoSalesManager]]>
              </value>
            </param>
            <param index="1">
              <value>
                <![CDATA[crmsfa]]>
              </value>
            </param>
            <param index="2">
              <value>
                <![CDATA[Demo Sales Manager]]>
              </value>
            </param>
          </params>
          <reporter-output>
          </reporter-output>
        </test-method> <!-- loginAndLogout -->
        <test-method is-config="true" signature="afterMethod()[pri:0, instance:testcases.TC001_LoginAndLogout@12d3a4e9]" started-at="2022-05-04T02:14:47Z" name="afterMethod" finished-at="2022-05-04T02:14:48Z" duration-ms="801" status="PASS">
          <reporter-output>
          </reporter-output>
        </test-method> <!-- afterMethod -->
        <test-method is-config="true" signature="afterTest()[pri:0, instance:testcases.TC001_LoginAndLogout@12d3a4e9]" started-at="2022-05-04T02:14:48Z" name="afterTest" finished-at="2022-05-04T02:14:48Z" duration-ms="0" status="PASS">
          <reporter-output>
          </reporter-output>
        </test-method> <!-- afterTest -->
        <test-method is-config="true" signature="afterSuite()[pri:0, instance:testcases.TC001_LoginAndLogout@12d3a4e9]" started-at="2022-05-04T02:14:48Z" name="afterSuite" finished-at="2022-05-04T02:14:48Z" duration-ms="347" status="PASS">
          <reporter-output>
          </reporter-output>
        </test-method> <!-- afterSuite -->
      </class> <!-- testcases.TC001_LoginAndLogout -->
    </test> <!-- Test -->
  </suite> <!-- Suite -->
</testng-results>
