<?xml version="1.0" encoding="UTF-8"?>
<testng-results ignored="0" total="1" passed="1" failed="0" skipped="0">
  <reporter-output>
  </reporter-output>
  <suite started-at="2022-05-02T02:29:12Z" name="Default suite" finished-at="2022-05-02T02:29:41Z" duration-ms="28459">
    <groups>
    </groups>
    <test started-at="2022-05-02T02:29:12Z" name="Default test" finished-at="2022-05-02T02:29:41Z" duration-ms="28459">
      <class name="testcases.TC001_LoginAndLogout">
        <test-method is-config="true" signature="beforeSuite()[pri:0, instance:testcases.TC001_LoginAndLogout@48e1f6c7]" started-at="2022-05-02T02:29:11Z" name="beforeSuite" finished-at="2022-05-02T02:29:12Z" duration-ms="998" status="PASS">
          <reporter-output>
          </reporter-output>
        </test-method> <!-- beforeSuite -->
        <test-method is-config="true" signature="setData()[pri:0, instance:testcases.TC001_LoginAndLogout@48e1f6c7]" started-at="2022-05-02T02:29:12Z" name="setData" finished-at="2022-05-02T02:29:12Z" duration-ms="0" status="PASS">
          <reporter-output>
          </reporter-output>
        </test-method> <!-- setData -->
        <test-method is-config="true" signature="beforeClass()[pri:0, instance:testcases.TC001_LoginAndLogout@48e1f6c7]" started-at="2022-05-02T02:29:12Z" name="beforeClass" finished-at="2022-05-02T02:29:12Z" duration-ms="2" status="PASS">
          <reporter-output>
          </reporter-output>
        </test-method> <!-- beforeClass -->
        <test-method is-config="true" signature="beforeMethod()[pri:0, instance:testcases.TC001_LoginAndLogout@48e1f6c7]" started-at="2022-05-02T02:29:20Z" name="beforeMethod" finished-at="2022-05-02T02:29:34Z" duration-ms="13519" status="PASS">
          <reporter-output>
          </reporter-output>
        </test-method> <!-- beforeMethod -->
        <test-method signature="loginAndLogout(java.lang.String, java.lang.String, java.lang.String)[pri:0, instance:testcases.TC001_LoginAndLogout@48e1f6c7]" started-at="2022-05-02T02:29:34Z" name="loginAndLogout" data-provider="fetchData" finished-at="2022-05-02T02:29:39Z" duration-ms="5787" status="PASS">
          <params>
            <param index="0">
              <value>
                <![CDATA[DemoSalesManager]]>
              </value>
            </param>
            <param index="1">
              <value>
                <![CDATA[crmsfa]]>
              </value>
            </param>
            <param index="2">
              <value>
                <![CDATA[Demo Sales Manager]]>
              </value>
            </param>
          </params>
          <reporter-output>
          </reporter-output>
        </test-method> <!-- loginAndLogout -->
        <test-method is-config="true" signature="afterMethod()[pri:0, instance:testcases.TC001_LoginAndLogout@48e1f6c7]" started-at="2022-05-02T02:29:39Z" name="afterMethod" finished-at="2022-05-02T02:29:41Z" duration-ms="1559" status="PASS">
          <reporter-output>
          </reporter-output>
        </test-method> <!-- afterMethod -->
        <test-method is-config="true" signature="afterTest()[pri:0, instance:testcases.TC001_LoginAndLogout@48e1f6c7]" started-at="2022-05-02T02:29:41Z" name="afterTest" finished-at="2022-05-02T02:29:41Z" duration-ms="2" status="PASS">
          <reporter-output>
          </reporter-output>
        </test-method> <!-- afterTest -->
        <test-method is-config="true" signature="afterSuite()[pri:0, instance:testcases.TC001_LoginAndLogout@48e1f6c7]" started-at="2022-05-02T02:29:41Z" name="afterSuite" finished-at="2022-05-02T02:29:41Z" duration-ms="399" status="PASS">
          <reporter-output>
          </reporter-output>
        </test-method> <!-- afterSuite -->
      </class> <!-- testcases.TC001_LoginAndLogout -->
    </test> <!-- Default test -->
  </suite> <!-- Default suite -->
</testng-results>
